0 info it worked if it ends with ok
1 verbose cli [ '/usr/bin/node', '/usr/bin/npm', 'run', 'watch' ]
2 info using npm@3.5.2
3 info using node@v8.10.0
4 verbose run-script [ 'prewatch', 'watch', 'postwatch' ]
5 info lifecycle client@1.0.0~prewatch: client@1.0.0
6 silly lifecycle client@1.0.0~prewatch: no script for prewatch, continuing
7 info lifecycle client@1.0.0~watch: client@1.0.0
8 verbose lifecycle client@1.0.0~watch: unsafe-perm in lifecycle true
9 verbose lifecycle client@1.0.0~watch: PATH: /usr/share/npm/bin/node-gyp-bin:/home/lucas/Projects/hispotify/client/node_modules/.bin:/usr/local/sbin:/usr/local/bin:/usr/sbin:/usr/bin:/sbin:/bin:/usr/games:/usr/local/games:/mnt/c/Program Files/WindowsApps/CanonicalGroupLimited.UbuntuonWindows_1804.2020.5.0_x64__79rhkp1fndgsc:/mnt/c/Program Files (x86)/Common Files/Oracle/Java/javapath:/mnt/c/oraclexe/app/oracle/product/11.2.0/server/bin:/mnt/c/ProgramData/Oracle/Java/javapath:/mnt/c/Program Files (x86)/Intel/iCLS Client/:/mnt/c/Program Files/Intel/iCLS Client/:/mnt/c/Windows/system32:/mnt/c/Windows:/mnt/c/Windows/System32/Wbem:/mnt/c/Windows/System32/WindowsPowerShell/v1.0/:/mnt/c/Program Files (x86)/Intel/Intel(R) Management Engine Components/DAL:/mnt/c/Program Files/Intel/Intel(R) Management Engine Components/DAL:/mnt/c/Program Files (x86)/Intel/Intel(R) Management Engine Components/IPT:/mnt/c/Program Files/Intel/Intel(R) Management Engine Components/IPT:/mnt/c/Program Files (x86)/NVIDIA Corporation/PhysX/Common:/mnt/c/Python33:/mnt/c/Python33/Scripts:/mnt/c/Users/lucas/.dnx/bin:/mnt/c/Program Files/Microsoft DNX/Dnvm/:/mnt/c/Program Files/Microsoft SQL Server/120/Tools/Binn/:/mnt/c/Program Files/Microsoft SQL Server/130/Tools/Binn/:/mnt/c/Program Files/Git/cmd:/mnt/c/Program Files/PuTTY/:/mnt/c/WINDOWS/system32:/mnt/c/WINDOWS:/mnt/c/WINDOWS/System32/Wbem:/mnt/c/WINDOWS/System32/WindowsPowerShell/v1.0/:/mnt/c/WINDOWS/System32/OpenSSH/:/mnt/c/Program Files/Wireshark:/mnt/c/Program Files/Java/jre1.8.0_161:/mnt/c/Program Files/Redis/:/mnt/c/Program Files/ZeroC/Ice-3.7.2/bin:/mnt/c/Program Files/nodejs/:/mnt/c/Users/lucas/AppData/Local/Microsoft/WindowsApps:/mnt/c/Program Files/Microsoft VS Code/bin:/mnt/c/Users/lucas/AppData/Roaming/npm:/mnt/c/Users/lucas/AppData/Local/atom/bin:/snap/bin
10 verbose lifecycle client@1.0.0~watch: CWD: /home/lucas/Projects/hispotify/client
11 silly lifecycle client@1.0.0~watch: Args: [ '-c',
11 silly lifecycle   'watchify index.js -o static/bundle.js -t [ babelify --presets [ @babel/preset-env @babel/preset-react ] ]' ]
12 info lifecycle client@1.0.0~watch: Failed to exec watch script
13 verbose stack Error: client@1.0.0 watch: `watchify index.js -o static/bundle.js -t [ babelify --presets [ @babel/preset-env @babel/preset-react ] ]`
13 verbose stack spawn ENOENT
13 verbose stack     at ChildProcess.<anonymous> (/usr/share/npm/lib/utils/spawn.js:17:16)
13 verbose stack     at emitTwo (events.js:126:13)
13 verbose stack     at ChildProcess.emit (events.js:214:7)
13 verbose stack     at maybeClose (internal/child_process.js:925:16)
13 verbose stack     at Process.ChildProcess._handle.onexit (internal/child_process.js:209:5)
14 verbose pkgid client@1.0.0
15 verbose cwd /home/lucas/Projects/hispotify/client
16 error Linux 4.4.0-18362-Microsoft
17 error argv "/usr/bin/node" "/usr/bin/npm" "run" "watch"
18 error node v8.10.0
19 error npm  v3.5.2
20 error file sh
21 error code ELIFECYCLE
22 error errno ENOENT
23 error syscall spawn
24 error client@1.0.0 watch: `watchify index.js -o static/bundle.js -t [ babelify --presets [ @babel/preset-env @babel/preset-react ] ]`
24 error spawn ENOENT
25 error Failed at the client@1.0.0 watch script 'watchify index.js -o static/bundle.js -t [ babelify --presets [ @babel/preset-env @babel/preset-react ] ]'.
25 error Make sure you have the latest version of node.js and npm installed.
25 error If you do, this is most likely a problem with the client package,
25 error not with npm itself.
25 error Tell the author that this fails on your system:
25 error     watchify index.js -o static/bundle.js -t [ babelify --presets [ @babel/preset-env @babel/preset-react ] ]
25 error You can get information on how to open an issue for this project with:
25 error     npm bugs client
25 error Or if that isn't available, you can get their info via:
25 error     npm owner ls client
25 error There is likely additional logging output above.
26 verbose exit [ 1, true ]
